2018-06-29 13:10:57.943 [main] INFO  c.l.blog.web.BlogWebApplication   - Starting BlogWebApplication on lujiahaodeMacBook-Pro.local with PID 88664 (/Users/lujiahao/github/simpleblog/classes/production/blog-web started by lujiahao in /Users/lujiahao/github/simpleblog)
2018-06-29 13:10:57.945 [main] DEBUG c.l.blog.web.BlogWebApplication   - Running with Spring Boot v1.5.9.RELEASE, Spring v4.3.13.RELEASE
2018-06-29 13:10:57.946 [main] INFO  c.l.blog.web.BlogWebApplication   - The following profiles are active: test
2018-06-29 13:11:00.327 [main] INFO  c.l.blog.web.BlogWebApplication   - Started BlogWebApplication in 2.894 seconds (JVM running for 4.373)
2018-06-29 13:35:39.142 [main] INFO  c.l.blog.web.BlogWebApplication   - Starting BlogWebApplication on lujiahaodeMacBook-Pro.local with PID 93220 (/Users/lujiahao/github/simpleblog/blog-web/target/classes started by lujiahao in /Users/lujiahao/github/simpleblog)
2018-06-29 13:35:39.146 [main] DEBUG c.l.blog.web.BlogWebApplication   - Running with Spring Boot v1.5.9.RELEASE, Spring v4.3.13.RELEASE
2018-06-29 13:35:39.146 [main] INFO  c.l.blog.web.BlogWebApplication   - The following profiles are active: test
2018-06-29 13:35:42.481 [main] INFO  c.l.blog.web.BlogWebApplication   - Started BlogWebApplication in 3.818 seconds (JVM running for 4.586)
2018-06-29 16:38:48.368 [main] INFO  c.l.blog.web.BlogWebApplication   - Starting BlogWebApplication on lujiahaodeMacBook-Pro.local with PID 27853 (/Users/lujiahao/github/simpleblog/blog-web/target/classes started by lujiahao in /Users/lujiahao/github/simpleblog)
2018-06-29 16:38:48.370 [main] DEBUG c.l.blog.web.BlogWebApplication   - Running with Spring Boot v1.5.9.RELEASE, Spring v4.3.13.RELEASE
2018-06-29 16:38:48.371 [main] INFO  c.l.blog.web.BlogWebApplication   - The following profiles are active: test
2018-06-29 16:38:51.334 [main] INFO  c.l.blog.web.BlogWebApplication   - Started BlogWebApplication in 3.559 seconds (JVM running for 4.738)
2018-06-29 16:40:23.185 [main] INFO  c.l.blog.web.BlogWebApplication   - Starting BlogWebApplication on lujiahaodeMacBook-Pro.local with PID 28119 (/Users/lujiahao/github/simpleblog/blog-web/target/classes started by lujiahao in /Users/lujiahao/github/simpleblog)
2018-06-29 16:40:23.185 [main] DEBUG c.l.blog.web.BlogWebApplication   - Running with Spring Boot v1.5.9.RELEASE, Spring v4.3.13.RELEASE
2018-06-29 16:40:23.185 [main] INFO  c.l.blog.web.BlogWebApplication   - The following profiles are active: test
2018-06-29 16:40:26.946 [main] INFO  c.l.blog.web.BlogWebApplication   - Started BlogWebApplication in 4.775 seconds (JVM running for 9.347)
2018-06-29 18:27:38.143 [main] INFO  c.l.blog.web.BlogWebApplication   - Starting BlogWebApplication on lujiahaodeMacBook-Pro.local with PID 32534 (/Users/lujiahao/github/simpleblog/blog-web/target/classes started by lujiahao in /Users/lujiahao/github/simpleblog)
2018-06-29 18:27:38.144 [main] DEBUG c.l.blog.web.BlogWebApplication   - Running with Spring Boot v1.5.9.RELEASE, Spring v4.3.13.RELEASE
2018-06-29 18:27:38.144 [main] INFO  c.l.blog.web.BlogWebApplication   - The following profiles are active: test
2018-06-29 18:27:43.650 [main] INFO  c.l.blog.web.BlogWebApplication   - Started BlogWebApplication in 6.46 seconds (JVM running for 11.717)
2018-06-29 18:28:41.176 [main] INFO  c.l.blog.web.BlogWebApplication   - Starting BlogWebApplication on lujiahaodeMacBook-Pro.local with PID 32543 (/Users/lujiahao/github/simpleblog/blog-web/target/classes started by lujiahao in /Users/lujiahao/github/simpleblog)
2018-06-29 18:28:41.177 [main] DEBUG c.l.blog.web.BlogWebApplication   - Running with Spring Boot v1.5.9.RELEASE, Spring v4.3.13.RELEASE
2018-06-29 18:28:41.177 [main] INFO  c.l.blog.web.BlogWebApplication   - The following profiles are active: test
2018-06-29 18:28:46.356 [main] INFO  c.l.blog.web.BlogWebApplication   - Started BlogWebApplication in 6.409 seconds (JVM running for 12.512)
